          0.00000000         10.00000000
          0.00000023          9.99992970
          0.00000047          9.99908096
          0.00000070          9.99668126
          0.00000094          9.99348185
          0.00000117          9.99135480
          0.00000141          9.99123835
          0.00000164          9.99219192
          0.00000188          9.99272576
          0.00000211          9.99249269
          0.00000235          9.99217080
          0.00000258          9.99197493
          0.00000282          9.99109130
          0.00000305          9.98896052
          0.00000329          9.98659428
          0.00000352          9.98581754
          0.00000376          9.98717367
          0.00000399          9.98927017
          0.00000423          9.99048305
          0.00000446          9.99064523
          0.00000470          9.99051195
          0.00000493          9.99014695
          0.00000517          9.98881203
          0.00000540          9.98650418
          0.00000564          9.98470582
          0.00000587          9.98502843
          0.00000611          9.98741397
          0.00000634          9.99022206
          0.00000658          9.99207237
          0.00000681          9.99305389
          0.00000705          9.99386568
          0.00000728          9.99432902
          0.00000752          9.99357066
          0.00000775          9.99167010
          0.00000799          9.99022822
          0.00000822          9.99070369
          0.00000846          9.99269124
          0.00000869          9.99451842
          0.00000892          9.99526464
          0.00000916          9.99540368
          0.00000939          9.99544726
          0.00000963          9.99484874
          0.00000986          9.99283883
          0.00001010          9.98997429
          0.00001033          9.98807433
          0.00001057          9.98837267
          0.00001080          9.99016815
          0.00001104          9.99171572
          0.00001127          9.99217165
          0.00001151          9.99203433
          0.00001174          9.99171652
          0.00001198          9.99062679
          0.00001221          9.98831339
          0.00001245          9.98591518
          0.00001268          9.98547032
          0.00001292          9.98768740
          0.00001315          9.99112746
          0.00001339          9.99383275
          0.00001362          9.99518434
          0.00001386          9.99575030
          0.00001409          9.99577685
          0.00001433          9.99469771
          0.00001456          9.99235760
          0.00001480          9.99005988
          0.00001503          9.98961056
          0.00001527          9.99130745
          0.00001550          9.99353108
          0.00001574          9.99461239
          0.00001597          9.99451823
          0.00001621          9.99419684
          0.00001644          9.99381003
          0.00001668          9.99258526
          0.00001691          9.99043329
          0.00001715          9.98873801
          0.00001738          9.98895969
          0.00001761          9.99085194
          0.00001785          9.99267839
          0.00001808          9.99310757
          0.00001832          9.99232053
          0.00001855          9.99109681
          0.00001879          9.98941304
          0.00001902          9.98668842
          0.00001926          9.98333145
          0.00001949          9.98114454
          0.00001973          9.98159441
          0.00001996          9.98410992
          0.00002020          9.98674728
          0.00002043          9.98832691
          0.00002067          9.98916674
          0.00002090          9.98975307
          0.00002114          9.98964792
          0.00002137          9.98830293
          0.00002161          9.98645294
          0.00002184          9.98581901
          0.00002208          9.98725247
          0.00002231          9.98967281
          0.00002255          9.99123974
          0.00002278          9.99131289
          0.00002302          9.99072967
          0.00002325          9.99024417
          0.00002349          9.98950064
          0.00002372          9.98804716
          0.00002396          9.98674780
          0.00002419          9.98720798
          0.00002443          9.98975945
          0.00002466          9.99284365
          0.00002490          9.99471355
          0.00002513          9.99514540
          0.00002537          9.99498235
          0.00002560          9.99446666
          0.00002583          9.99287233
          0.00002607          9.98990151
          0.00002630          9.98676016
          0.00002654          9.98519033
          0.00002677          9.98555801
          0.00002701          9.98651208
          0.00002724          9.98670100
          0.00002748          9.98621724
          0.00002771          9.98586427
          0.00002795          9.98552991
          0.00002818          9.98425727
          0.00002842          9.98197785
          0.00002865          9.98023377
          0.00002889          9.98059351
          0.00002912          9.98278947
          0.00002936          9.98505897
          0.00002959          9.98613122
          0.00002983          9.98624160
          0.00003006          9.98609441
          0.00003030          9.98551419
          0.00003053          9.98382288
          0.00003077          9.98137897
          0.00003100          9.97989155
          0.00003124          9.98069671
          0.00003147          9.98316157
          0.00003171          9.98543633
          0.00003194          9.98657234
          0.00003218          9.98713645
          0.00003241          9.98771763
          0.00003265          9.98775299
          0.00003288          9.98645376
          0.00003312          9.98437488
          0.00003335          9.98319524
          0.00003359          9.98386859
          0.00003382          9.98556736
          0.00003406          9.98677132
          0.00003429          9.98697150
          0.00003452          9.98675813
          0.00003476          9.98638184
          0.00003499          9.98504371
          0.00003523          9.98213475
          0.00003546          9.97867365
          0.00003570          9.97665143
          0.00003593          9.97689438
          0.00003617          9.97827955
          0.00003640          9.97929132
          0.00003664          9.97966750
          0.00003687          9.97997733
          0.00003711          9.98013735
          0.00003734          9.97929950
          0.00003758          9.97734249
          0.00003781          9.97572677
          0.00003805          9.97621991
          0.00003828          9.97893470
          0.00003852          9.98216368
          0.00003875          9.98424274
          0.00003899          9.98502849
          0.00003922          9.98520067
          0.00003946          9.98470774
          0.00003969          9.98282695
          0.00003993          9.97977403
          0.00004016          9.97728182
          0.00004040          9.97694992
          0.00004063          9.97846247
          0.00004087          9.98009004
          0.00004110          9.98073496
          0.00004134          9.98079934
          0.00004157          9.98096460
          0.00004181          9.98088149
          0.00004204          9.97971207
          0.00004228          9.97771186
          0.00004251          9.97646642
          0.00004275          9.97715664
          0.00004298          9.97906692
          0.00004321          9.98038537
          0.00004345          9.98024296
          0.00004368          9.97924524
          0.00004392          9.97799689
          0.00004415          9.97604531
          0.00004439          9.97291750
          0.00004462          9.96963638
          0.00004486          9.96824878
          0.00004509          9.96972117
          0.00004533          9.97290096
          0.00004556          9.97584826
          0.00004580          9.97773192
          0.00004603          9.97897618
          0.00004627          9.97984591
          0.00004650          9.97974746
          0.00004674          9.97833710
          0.00004697          9.97671139
          0.00004721          9.97662239
          0.00004744          9.97843680
          0.00004768          9.98058982
          0.00004791          9.98137810
          0.00004815          9.98071896
          0.00004838          9.97965464
          0.00004862          9.97863846
          0.00004885          9.97719125
          0.00004909          9.97527152
          0.00004932          9.97409960
          0.00004956          9.97499087
          0.00004979          9.97766552
          0.00005003          9.98034470
          0.00005026          9.98161137
          0.00005050          9.98162740
          0.00005073          9.98122810
          0.00005097          9.98036800
          0.00005120          9.97826897
          0.00005144          9.97506576
          0.00005167          9.97238094
          0.00005190          9.97171391
          0.00005214          9.97272853
          0.00005237          9.97378687
          0.00005261          9.97394393
          0.00005284          9.97368419
          0.00005308          9.97363595
          0.00005331          9.97338235
          0.00005355          9.97216793
          0.00005378          9.97045159
          0.00005402          9.96991938
          0.00005425          9.97163054
          0.00005449          9.97465136
          0.00005472          9.97703339
          0.00005496          9.97790871
          0.00005519          9.97796761
          0.00005543          9.97792055
          0.00005566          9.97738776
          0.00005590          9.97586607
          0.00005613          9.97419122
          0.00005637          9.97407255
          0.00005660          9.97610646
          0.00005684          9.97896980
          0.00005707          9.98092291
          0.00005731          9.98161075
          0.00005754          9.98188707
          0.00005778          9.98216609
          0.00005801          9.98176455
          0.00005825          9.98015590
          0.00005848          9.97825785
          0.00005872          9.97772139
          0.00005895          9.97898497
          0.00005919          9.98075383
          0.00005942          9.98163248
          0.00005966          9.98163491
          0.00005989          9.98154928
          0.00006012          9.98131193
          0.00006036          9.97995376
          0.00006059          9.97726488
          0.00006083          9.97469739
          0.00006106          9.97402623
          0.00006130          9.97541928
          0.00006153          9.97740521
          0.00006177          9.97867540
          0.00006200          9.97927405
          0.00006224          9.97978163
          0.00006247          9.97995667
          0.00006271          9.97902426
          0.00006294          9.97725306
          0.00006318          9.97634860
          0.00006341          9.97773022
          0.00006365          9.98083172
          0.00006388          9.98372741
          0.00006412          9.98521597
          0.00006435          9.98561013
          0.00006459          9.98548380
          0.00006482          9.98450427
          0.00006506          9.98212968
          0.00006529          9.97906103
          0.00006553          9.97712358
          0.00006576          9.97743881
          0.00006600          9.97921923
          0.00006623          9.98080268
          0.00006647          9.98155914
          0.00006670          9.98212893
          0.00006694          9.98288029
          0.00006717          9.98301578
          0.00006741          9.98176759
          0.00006764          9.97993234
          0.00006788          9.97933097
          0.00006811          9.98072046
          0.00006835          9.98292628
          0.00006858          9.98430552
          0.00006881          9.98447776
          0.00006905          9.98410243
          0.00006928          9.98336457
          0.00006952          9.98159634
          0.00006975          9.97867096
          0.00006999          9.97609257
          0.00007022          9.97590777
          0.00007046          9.97855638
          0.00007069          9.98240930
          0.00007093          9.98558559
          0.00007116          9.98765412
          0.00007140          9.98914610
          0.00007163          9.99001823
          0.00007187          9.98956252
          0.00007210          9.98788291
          0.00007234          9.98655224
          0.00007257          9.98713373
          0.00007281          9.98936230
          0.00007304          9.99141485
          0.00007328          9.99194697
          0.00007351          9.99126963
          0.00007375          9.99034215
          0.00007398          9.98925700
          0.00007422          9.98745782
          0.00007445          9.98525486
          0.00007469          9.98419772
          0.00007492          9.98544059
          0.00007516          9.98822895
          0.00007539          9.99065475
          0.00007563          9.99168727
          0.00007586          9.99179379
          0.00007610          9.99155608
          0.00007633          9.99052996
          0.00007657          9.98807684
          0.00007680          9.98489036
          0.00007704          9.98283256
          0.00007727          9.98302402
          0.00007750          9.98462637
          0.00007774          9.98591459
          0.00007797          9.98618435
          0.00007821          9.98601098
          0.00007844          9.98580776
          0.00007868          9.98501873
          0.00007891          9.98324260
          0.00007915          9.98153518
          0.00007938          9.98168661
          0.00007962          9.98416282
          0.00007985          9.98744499
          0.00008009          9.98970150
          0.00008032          9.99057431
          0.00008056          9.99088093
          0.00008079          9.99099404
          0.00008103          9.99037378
          0.00008126          9.98885829
          0.00008150          9.98764071
          0.00008173          9.98822274
          0.00008197          9.99056642
          0.00008220          9.99298790
          0.00008244          9.99406024
          0.00008267          9.99401899
          0.00008291          9.99387150
          0.00008314          9.99368155
          0.00008338          9.99257050
          0.00008361          9.99039321
          0.00008385          9.98853035
          0.00008408          9.98847784
          0.00008432          9.99007908
          0.00008455          9.99178182
          0.00008479          9.99252878
          0.00008502          9.99269584
          0.00008526          9.99295284
          0.00008549          9.99288733
          0.00008573          9.99152894
          0.00008596          9.98907961
          0.00008619          9.98726006
          0.00008643          9.98750653
          0.00008666          9.98933266
          0.00008690          9.99103396
          0.00008713          9.99169980
          0.00008737          9.99182409
          0.00008760          9.99195656
          0.00008784          9.99165073
          0.00008807          9.99031986
          0.00008831          9.98867222
          0.00008854          9.98842509
          0.00008878          9.99039388
          0.00008901          9.99343741
          0.00008925          9.99569875
          0.00008948          9.99652258
          0.00008972          9.99658406
          0.00008995          9.99632425
          0.00009019          9.99513783
          0.00009042          9.99254843
          0.00009066          9.98954944
          0.00009089          9.98793500
          0.00009113          9.98832590
          0.00009136          9.98956617
          0.00009160          9.99028882
          0.00009183          9.99044199
          0.00009207          9.99078147
          0.00009230          9.99127811
          0.00009254          9.99090706
          0.00009277          9.98920742
          0.00009301          9.98736406
          0.00009324          9.98709822
          0.00009348          9.98867826
          0.00009371          9.99067139
          0.00009395          9.99170741
          0.00009418          9.99180278
          0.00009441          9.99158273
          0.00009465          9.99085537
          0.00009488          9.98886468
          0.00009512          9.98593335
          0.00009535          9.98393409
          0.00009559          9.98457383
          0.00009582          9.98756530
          0.00009606          9.99103108
          0.00009629          9.99355197
          0.00009653          9.99519242
          0.00009676          9.99644827
          0.00009700          9.99695764
          0.00009723          9.99601185
          0.00009747          9.99409968
          0.00009770          9.99299717
          0.00009794          9.99388444
          0.00009817          9.99590650
          0.00009841          9.99717895
          0.00009864          9.99692035
          0.00009888          9.99590344
          0.00009911          9.99488644
          0.00009935          9.99349845
          0.00009958          9.99117406
          0.00009982          9.98864954
          0.00010005          9.98764780
          0.00010029          9.98896076
          0.00010052          9.99144731
          0.00010076          9.99329922
          0.00010099          9.99390446
          0.00010123          9.99389561
          0.00010146          9.99359842
          0.00010170          9.99234167
          0.00010193          9.98973346
          0.00010217          9.98696057
          0.00010240          9.98594920
          0.00010264          9.98725224
          0.00010287          9.98945680
          0.00010310          9.99086202
          0.00010334          9.99114329
          0.00010357          9.99097019
          0.00010381          9.99052322
          0.00010404          9.98927587
          0.00010428          9.98732360
          0.00010451          9.98613498
          0.00010475          9.98726157
          0.00010498          9.99046904
          0.00010522          9.99380695
          0.00010545          9.99564298
          0.00010569          9.99605992
          0.00010592          9.99595774
          0.00010616          9.99544445
          0.00010639          9.99394342
          0.00010663          9.99171688
          0.00010686          9.99028903
          0.00010710          9.99085872
          0.00010733          9.99277546
          0.00010757          9.99421816
          0.00010780          9.99421474
          0.00010804          9.99337748
          0.00010827          9.99258318
          0.00010851          9.99161843
          0.00010874          9.98976588
          0.00010898          9.98742521
          0.00010921          9.98626477
          0.00010945          9.98740087
          0.00010968          9.98999876
          0.00010992          9.99225025
          0.00011015          9.99337861
          0.00011039          9.99396105
          0.00011062          9.99439442
          0.00011086          9.99399591
          0.00011109          9.99214400
          0.00011133          9.98973397
          0.00011156          9.98863929
          0.00011179          9.98967557
          0.00011203          9.99168330
          0.00011226          9.99292426
          0.00011250          9.99294168
          0.00011273          9.99252488
          0.00011297          9.99212440
          0.00011320          9.99117088
          0.00011344          9.98933400
          0.00011367          9.98773852
          0.00011391          9.98805420
          0.00011414          9.99046304
          0.00011438          9.99329506
          0.00011461          9.99488747
          0.00011485          9.99517563
          0.00011508          9.99503650
          0.00011532          9.99461603
          0.00011555          9.99314565
          0.00011579          9.99043928
          0.00011602          9.98780347
          0.00011626          9.98686305
          0.00011649          9.98775454
          0.00011673          9.98909972
          0.00011696          9.98978943
          0.00011720          9.99012046
          0.00011743          9.99079180
          0.00011767          9.99142215
          0.00011790          9.99093365
          0.00011814          9.98932376
          0.00011837          9.98815498
          0.00011861          9.98885398
          0.00011884          9.99104344
          0.00011908          9.99309364
          0.00011931          9.99400047
          0.00011955          9.99406083
          0.00011978          9.99371405
          0.00012002          9.99251530
          0.00012025          9.98990080
          0.00012048          9.98666453
          0.00012072          9.98482901
          0.00012095          9.98565853
          0.00012119          9.98828602
          0.00012142          9.99079449
          0.00012166          9.99229605
          0.00012189          9.99326879
          0.00012213          9.99401834
          0.00012236          9.99382443
          0.00012260          9.99212012
          0.00012283          9.98986530
          0.00012307          9.98888362
          0.00012330          9.98984561
          0.00012354          9.99153786
          0.00012377          9.99236483
          0.00012401          9.99206169
          0.00012424          9.99145778
          0.00012448          9.99086645
          0.00012471          9.98954438
          0.00012495          9.98708553
          0.00012518          9.98466611
          0.00012542          9.98409695
          0.00012565          9.98573427
          0.00012589          9.98807405
          0.00012612          9.98955510
          0.00012636          9.99004498
          0.00012659          9.99014502
          0.00012683          9.98968703
          0.00012706          9.98783746
          0.00012730          9.98469422
          0.00012753          9.98195694
          0.00012777          9.98143335
          0.00012800          9.98313287
          0.00012824          9.98535487
          0.00012847          9.98663871
          0.00012870          9.98702727
          0.00012894          9.98717444
          0.00012917          9.98691255
          0.00012941          9.98557084
          0.00012964          9.98357581
          0.00012988          9.98270067
          0.00013011          9.98420899
          0.00013035          9.98728916
          0.00013058          9.98992196
          0.00013082          9.99101330
          0.00013105          9.99104922
          0.00013129          9.99075306
          0.00013152          9.98991398
          0.00013176          9.98804465
          0.00013199          9.98576300
          0.00013223          9.98468372
          0.00013246          9.98564870
          0.00013270          9.98760898
          0.00013293          9.98877160
          0.00013317          9.98856378
          0.00013340          9.98780005
          0.00013364          9.98703224
          0.00013387          9.98568826
          0.00013411          9.98329496
          0.00013434          9.98085632
          0.00013458          9.98013297
          0.00013481          9.98163331
          0.00013505          9.98400834
          0.00013528          9.98561375
          0.00013552          9.98611719
          0.00013575          9.98617189
          0.00013599          9.98591714
          0.00013622          9.98463019
          0.00013646          9.98210359
          0.00013669          9.97967341
          0.00013693          9.97910296
          0.00013716          9.98052630
          0.00013739          9.98224299
          0.00013763          9.98271440
          0.00013786          9.98208101
          0.00013810          9.98131805
          0.00013833          9.98056351
          0.00013857          9.97916310
          0.00013880          9.97721767
          0.00013904          9.97615349
          0.00013927          9.97724822
          0.00013951          9.97999269
          0.00013974          9.98250509
          0.00013998          9.98353062
          0.00014021          9.98346520
          0.00014045          9.98320954
          0.00014068          9.98262500
          0.00014092          9.98088418
          0.00014115          9.97818589
          0.00014139          9.97614754
          0.00014162          9.97605778
          0.00014186          9.97734924
          0.00014209          9.97844124
          0.00014233          9.97870601
          0.00014256          9.97883236
          0.00014280          9.97932861
          0.00014303          9.97952843
          0.00014327          9.97858323
          0.00014350          9.97699540
          0.00014374          9.97642154
          0.00014397          9.97780256
          0.00014421          9.98020954
          0.00014444          9.98193247
          0.00014468          9.98236568
          0.00014491          9.98217605
          0.00014515          9.98175514
          0.00014538          9.98045734
          0.00014562          9.97787662
          0.00014585          9.97519558
          0.00014608          9.97433119
          0.00014632          9.97582368
          0.00014655          9.97828051
          0.00014679          9.98005479
          0.00014702          9.98085630
          0.00014726          9.98133588
          0.00014749          9.98158423
          0.00014773          9.98084919
          0.00014796          9.97888565
          0.00014820          9.97691148
          0.00014843          9.97653888
          0.00014867          9.97788269
          0.00014890          9.97942098
          0.00014914          9.97986003
          0.00014937          9.97945445
          0.00014961          9.97904540
          0.00014984          9.97845911
          0.00015008          9.97677764
          0.00015031          9.97406864
          0.00015055          9.97192477
          0.00015078          9.97183820
          0.00015102          9.97351812
          0.00015125          9.97532240
          0.00015149          9.97613325
          0.00015172          9.97620448
          0.00015196          9.97606817
          0.00015219          9.97530391
          0.00015243          9.97314761
          0.00015266          9.97015943
          0.00015290          9.96836331
          0.00015313          9.96923415
          0.00015337          9.97205049
          0.00015360          9.97483561
          0.00015384          9.97653239
          0.00015407          9.97751860
          0.00015431          9.97816309
          0.00015454          9.97789719
          0.00015477          9.97623773
          0.00015501          9.97413328
          0.00015524          9.97345959
          0.00015548          9.97504790
          0.00015571          9.97772289
          0.00015595          9.97961843
          0.00015618          9.98011148
          0.00015642          9.97994778
          0.00015665          9.97965978
          0.00015689          9.97874208
          0.00015712          9.97684446
          0.00015736          9.97506882
          0.00015759          9.97512806
          0.00015783          9.97729992
          0.00015806          9.97999660
          0.00015830          9.98156368
          0.00015853          9.98183695
          0.00015877          9.98156094
          0.00015900          9.98085696
          0.00015924          9.97907697
          0.00015947          9.97622229
          0.00015971          9.97376942
          0.00015994          9.97345456
          0.00016018          9.97537586
          0.00016041          9.97789204
          0.00016065          9.97949921
          0.00016088          9.98019880
          0.00016112          9.98064541
          0.00016135          9.98063871
          0.00016159          9.97939772
          0.00016182          9.97720866
          0.00016206          9.97578569
          0.00016229          9.97649067
          0.00016253          9.97872004
          0.00016276          9.98058550
          0.00016299          9.98095408
          0.00016323          9.98025293
          0.00016346          9.97929765
          0.00016370          9.97804185
          0.00016393          9.97605872
          0.00016417          9.97395595
          0.00016440          9.97340217
          0.00016464          9.97531008
          0.00016487          9.97853929
          0.00016511          9.98105248
          0.00016534          9.98206379
          0.00016558          9.98233277
          0.00016581          9.98245777
          0.00016605          9.98187551
          0.00016628          9.98000379
          0.00016652          9.97768110
          0.00016675          9.97664197
          0.00016699          9.97759245
          0.00016722          9.97943725
          0.00016746          9.98065034
          0.00016769          9.98096510
          0.00016793          9.98121098
          0.00016816          9.98170096
          0.00016840          9.98160650
          0.00016863          9.98034367
          0.00016887          9.97894522
          0.00016910          9.97919481
          0.00016934          9.98147875
          0.00016957          9.98428909
          0.00016981          9.98603897
          0.00017004          9.98662322
          0.00017028          9.98677743
          0.00017051          9.98653044
          0.00017075          9.98517031
          0.00017098          9.98272417
          0.00017122          9.98067227
          0.00017145          9.98064128
          0.00017168          9.98260040
          0.00017192          9.98491187
          0.00017215          9.98621419
          0.00017239          9.98667893
          0.00017262          9.98708140
          0.00017286          9.98725576
          0.00017309          9.98634560
          0.00017333          9.98448240
          0.00017356          9.98321922
          0.00017380          9.98383021
          0.00017403          9.98577669
          0.00017427          9.98744297
          0.00017450          9.98805824
          0.00017474          9.98819328
          0.00017497          9.98840977
          0.00017521          9.98816574
          0.00017544          9.98660053
          0.00017568          9.98411497
          0.00017591          9.98241476
          0.00017615          9.98269808
          0.00017638          9.98429834
          0.00017662          9.98562717
          0.00017685          9.98609473
          0.00017709          9.98633885
          0.00017732          9.98664975
          0.00017756          9.98619921
          0.00017779          9.98437481
          0.00017803          9.98222772
          0.00017826          9.98172587
          0.00017850          9.98362076
          0.00017873          9.98668468
          0.00017897          9.98917873
          0.00017920          9.99055193
          0.00017944          9.99129330
          0.00017967          9.99150864
          0.00017991          9.99049068
          0.00018014          9.98802827
          0.00018037          9.98549644
          0.00018061          9.98479872
          0.00018084          9.98626181
          0.00018108          9.98831405
          0.00018131          9.98943104
          0.00018155          9.98968563
          0.00018178          9.98995222
          0.00018202          9.99024111
          0.00018225          9.98973695
          0.00018249          9.98838338
          0.00018272          9.98755360
          0.00018296          9.98865059
          0.00018319          9.99138174
          0.00018343          9.99398759
          0.00018366          9.99513819
          0.00018390          9.99505034
          0.00018413          9.99448685
          0.00018437          9.99328511
          0.00018460          9.99071503
          0.00018484          9.98718725
          0.00018507          9.98461951
          0.00018531          9.98457841
          0.00018554          9.98658688
          0.00018578          9.98885325
          0.00018601          9.99030797
          0.00018625          9.99121288
          0.00018648          9.99191458
          0.00018672          9.99188737
          0.00018695          9.99056168
          0.00018719          9.98867084
          0.00018742          9.98797444
          0.00018766          9.98937893
          0.00018789          9.99178153
          0.00018813          9.99324463
          0.00018836          9.99304164
          0.00018860          9.99195135
          0.00018883          9.99067977
          0.00018906          9.98893823
          0.00018930          9.98654042
          0.00018953          9.98465010
          0.00018977          9.98495820
          0.00019000          9.98768818
          0.00019024          9.99116616
          0.00019047          9.99358000
          0.00019071          9.99463503
          0.00019094          9.99511732
          0.00019118          9.99529393
          0.00019141          9.99449782
          0.00019165          9.99245941
          0.00019188          9.99036418
          0.00019212          9.98985709
          0.00019235          9.99111659
          0.00019259          9.99263057
          0.00019282          9.99306492
          0.00019306          9.99265885
          0.00019329          9.99232193
          0.00019353          9.99199502
          0.00019376          9.99082607
          0.00019400          9.98885722
          0.00019423          9.98761322
          0.00019447          9.98852206
          0.00019470          9.99118939
          0.00019494          9.99378258
          0.00019517          9.99498398
          0.00019541          9.99501997
          0.00019564          9.99462884
          0.00019588          9.99368988
          0.00019611          9.99161081
          0.00019635          9.98889153
          0.00019658          9.98732760
          0.00019682          9.98814173
          0.00019705          9.99046881
          0.00019728          9.99234278
          0.00019752          9.99287723
          0.00019775          9.99275363
          0.00019799          9.99267402
          0.00019822          9.99223575
          0.00019846          9.99081656
          0.00019869          9.98900671
          0.00019893          9.98837064
          0.00019916          9.98966800
          0.00019940          9.99186933
          0.00019963          9.99334018
          0.00019987          9.99364995
          0.00020010          9.99361769
          0.00020034          9.99366614
          0.00020057          9.99301254
          0.00020081          9.99098117
          0.00020104          9.98848588
          0.00020128          9.98733802
          0.00020151          9.98818020
          0.00020175          9.98985957
          0.00020198          9.99098976
          0.00020222          9.99142974
          0.00020245          9.99178629
          0.00020269          9.99199058
          0.00020292          9.99119661
          0.00020316          9.98924093
          0.00020339          9.98752168
          0.00020363          9.98779251
          0.00020386          9.99019623
          0.00020410          9.99308607
          0.00020433          9.99490466
          0.00020457          9.99559362
          0.00020480          9.99579297
          0.00020504          9.99532989
          0.00020527          9.99344948
          0.00020551          9.99045028
          0.00020574          9.98811392
          0.00020597          9.98799043
          0.00020621          9.98972875
          0.00020644          9.99163865
          0.00020668          9.99267810
          0.00020691          9.99326840
          0.00020715          9.99407689
          0.00020738          9.99470316
          0.00020762          9.99422735
          0.00020785          9.99286586
          0.00020809          9.99221037
          0.00020832          9.99341931
          0.00020856          9.99573047
          0.00020879          9.99736292
          0.00020903          9.99754629
          0.00020926          9.99688865
          0.00020950          9.99584624
          0.00020973          9.99381056
          0.00020997          9.99025829
          0.00021020          9.98623206
          0.00021044          9.98384303
          0.00021067          9.98419783
          0.00021091          9.98634239
          0.00021114          9.98848786
          0.00021138          9.98985051
          0.00021161          9.99079560
          0.00021185          9.99142644
          0.00021208          9.99098267
          0.00021232          9.98910526
          0.00021255          9.98705772
          0.00021279          9.98676149
          0.00021302          9.98862157
          0.00021326          9.99103682
          0.00021349          9.99225686
          0.00021373          9.99208808
          0.00021396          9.99138926
          0.00021420          9.99048584
          0.00021443          9.98893099
          0.00021466          9.98683687
          0.00021490          9.98560985
          0.00021513          9.98673127
          0.00021537          9.98999086
          0.00021560          9.99355204
          0.00021584          9.99587462
          0.00021607          9.99700653
          0.00021631          9.99767576
          0.00021654          9.99772989
          0.00021678          9.99635765
          0.00021701          9.99373984
          0.00021725          9.99152360
          0.00021748          9.99116508
          0.00021772          9.99230435
          0.00021795          9.99334555
          0.00021819          9.99336967
          0.00021842          9.99281287
          0.00021866          9.99225746
          0.00021889          9.99132252
          0.00021913          9.98936473
          0.00021936          9.98699327
          0.00021960          9.98601600
          0.00021983          9.98751737
          0.00022007          9.99048616
          0.00022030          9.99289514
          0.00022054          9.99383337
          0.00022077          9.99389792
          0.00022101          9.99364898
          0.00022124          9.99264843
          0.00022148          9.99052236
          0.00022171          9.98829197
          0.00022195          9.98773134
          0.00022218          9.98936969
          0.00022242          9.99178336
          0.00022265          9.99316041
          0.00022289          9.99313943
          0.00022312          9.99264566
          0.00022335          9.99220393
          0.00022359          9.99122700
          0.00022382          9.98926188
          0.00022406          9.98726846
          0.00022429          9.98682081
          0.00022453          9.98816095
          0.00022476          9.98983256
          0.00022500          9.99045401
          0.00022523          9.99017409
          0.00022547          9.98989961
          0.00022570          9.98964134
          0.00022594          9.98847977
          0.00022617          9.98618362
          0.00022641          9.98406815
          0.00022664          9.98371589
          0.00022688          9.98515192
          0.00022711          9.98688156
          0.00022735          9.98769455
          0.00022758          9.98780309
          0.00022782          9.98790604
          0.00022805          9.98776931
          0.00022829          9.98658664
          0.00022852          9.98462386
          0.00022876          9.98357989
          0.00022899          9.98481336
          0.00022923          9.98771461
          0.00022946          9.99041173
          0.00022970          9.99181200
          0.00022993          9.99229952
          0.00023017          9.99245810
          0.00023040          9.99192144
          0.00023064          9.99006993
          0.00023087          9.98749116
          0.00023111          9.98589823
          0.00023134          9.98632750
          0.00023157          9.98794473
          0.00023181          9.98913691
          0.00023204          9.98942170
          0.00023228          9.98959204
          0.00023251          9.99008319
          0.00023275          9.99010351
          0.00023298          9.98887918
          0.00023322          9.98713375
          0.00023345          9.98652241
          0.00023369          9.98765568
          0.00023392          9.98937207
          0.00023416          9.99018166
          0.00023439          9.98985184
          0.00023463          9.98907591
          0.00023486          9.98795619
          0.00023510          9.98568447
          0.00023533          9.98202208
          0.00023557          9.97843447
          0.00023580          9.97697206
          0.00023604          9.97811546
          0.00023627          9.98036994
          0.00023651          9.98210174
          0.00023674          9.98308671
          0.00023698          9.98386136
          0.00023721          9.98422210
          0.00023745          9.98330337
          0.00023768          9.98115935
          0.00023792          9.97938757
          0.00023815          9.97959460
          0.00023839          9.98155410
          0.00023862          9.98347108
          0.00023886          9.98400958
          0.00023909          9.98346019
          0.00023933          9.98271164
          0.00023956          9.98176236
          0.00023980          9.98001612
          0.00024003          9.97784254
          0.00024026          9.97688469
          0.00024050          9.97832905
          0.00024073          9.98141109
          0.00024097          9.98421940
          0.00024120          9.98571570
          0.00024144          9.98631117
          0.00024167          9.98650654
          0.00024191          9.98581903
          0.00024214          9.98362645
          0.00024238          9.98065800
          0.00024261          9.97879012
          0.00024285          9.97911796
          0.00024308          9.98075359
          0.00024332          9.98194899
          0.00024355          9.98201486
          0.00024379          9.98152922
          0.00024402          9.98085554
          0.00024426          9.97941587
          0.00024449          9.97690146
          0.00024473          9.97452301
          0.00024496          9.97417245
          0.00024520          9.97631923
          0.00024543          9.97940039
          0.00024567          9.98150799
          0.00024590          9.98216616
          0.00024614          9.98206720
          0.00024637          9.98152906
          0.00024661          9.98008219
          0.00024684          9.97774062
          0.00024708          9.97588471
          0.00024731          9.97610128
          0.00024755          9.97829280
          0.00024778          9.98063486
          0.00024802          9.98157077
          0.00024825          9.98123176
          0.00024849          9.98056412
          0.00024872          9.97968237
          0.00024895          9.97791268
          0.00024919          9.97536214
          0.00024942          9.97352009
          0.00024966          9.97378017
          0.00024989          9.97576244
          0.00025013          9.97772842
          0.00025036          9.97855551
          0.00025060          9.97864890
          0.00025083          9.97873078
          0.00025107          9.97844506
          0.00025130          9.97691075
          0.00025154          9.97443242
          0.00025177          9.97273603
          0.00025201          9.97310922
          0.00025224          9.97487304
          0.00025248          9.97623669
          0.00025271          9.97634622
          0.00025295          9.97580038
          0.00025318          9.97523736
          0.00025342          9.97428089
          0.00025365          9.97241592
          0.00025389          9.97043069
          0.00025412          9.97010042
          0.00025436          9.97224015
          0.00025459          9.97564626
          0.00025483          9.97839328
          0.00025506          9.97979554
          0.00025530          9.98051271
          0.00025553          9.98095108
          0.00025577          9.98048464
          0.00025600          9.97865392
          0.00025624          9.97645140
          0.00025647          9.97558112
          0.00025671          9.97651759
          0.00025694          9.97801680
          0.00025718          9.97872526
          0.00025741          9.97868239
          0.00025764          9.97876337
          0.00025788          9.97906131
          0.00025811          9.97865540
          0.00025835          9.97713426
          0.00025858          9.97563606
          0.00025882          9.97572396
          0.00025905          9.97747867
          0.00025929          9.97939074
          0.00025952          9.98017511
          0.00025976          9.97998323
          0.00025999          9.97949060
          0.00026023          9.97844856
          0.00026046          9.97601259
          0.00026070          9.97242469
          0.00026093          9.96950249
          0.00026117          9.96896897
          0.00026140          9.97066244
          0.00026164          9.97293061
          0.00026187          9.97458700
          0.00026211          9.97582513
          0.00026234          9.97709233
          0.00026258          9.97784965
          0.00026281          9.97722818
          0.00026305          9.97565824
          0.00026328          9.97491961
          0.00026352          9.97620892
          0.00026375          9.97872788
          0.00026399          9.98069718
          0.00026422          9.98139116
          0.00026446          9.98148810
          0.00026469          9.98155875
          0.00026493          9.98108352
          0.00026516          9.97946494
          0.00026540          9.97749087
          0.00026563          9.97694305
          0.00026587          9.97863167
          0.00026610          9.98140631
          0.00026633          9.98349677
          0.00026657          9.98437598
          0.00026680          9.98470497
          0.00026704          9.98471265
          0.00026727          9.98359060
          0.00026751          9.98089539
          0.00026774          9.97785375
          0.00026798          9.97644640
          0.00026821          9.97728583
          0.00026845          9.97906320
          0.00026868          9.98020355
          0.00026892          9.98045276
          0.00026915          9.98043061
          0.00026939          9.98016394
          0.00026962          9.97893826
          0.00026986          9.97674147
          0.00027009          9.97508313
          0.00027033          9.97565806
          0.00027056          9.97839937
          0.00027080          9.98150083
          0.00027103          9.98340957
          0.00027127          9.98415037
          0.00027150          9.98444307
          0.00027174          9.98424605
          0.00027197          9.98299596
          0.00027221          9.98108317
          0.00027244          9.98014528
          0.00027268          9.98141140
          0.00027291          9.98418653
          0.00027315          9.98654314
          0.00027338          9.98735775
          0.00027362          9.98710397
          0.00027385          9.98657121
          0.00027409          9.98555596
          0.00027432          9.98348070
          0.00027455          9.98095409
          0.00027479          9.97975476
          0.00027502          9.98091652
          0.00027526          9.98345682
          0.00027549          9.98552470
          0.00027573          9.98640738
          0.00027596          9.98674832
          0.00027620          9.98698769
          0.00027643          9.98649562
          0.00027667          9.98469826
          0.00027690          9.98247314
          0.00027714          9.98161367
          0.00027737          9.98283680
          0.00027761          9.98491354
          0.00027784          9.98611730
          0.00027808          9.98607258
          0.00027831          9.98563915
          0.00027855          9.98526665
          0.00027878          9.98439802
          0.00027902          9.98281283
          0.00027925          9.98175863
          0.00027949          9.98290087
          0.00027972          9.98629898
          0.00027996          9.99015928
          0.00028019          9.99273694
          0.00028043          9.99388772
          0.00028066          9.99441525
          0.00028090          9.99446055
          0.00028113          9.99333575
          0.00028137          9.99098346
          0.00028160          9.98878353
          0.00028184          9.98826866
          0.00028207          9.98932235
          0.00028231          9.99033811
          0.00028254          9.99020752
          0.00028278          9.98943310
          0.00028301          9.98896978
          0.00028324          9.98865857
          0.00028348          9.98759567
          0.00028371          9.98582635
          0.00028395          9.98476298
          0.00028418          9.98556828
          0.00028442          9.98766380
          0.00028465          9.98937292
          0.00028489          9.98979181
          0.00028512          9.98941226
          0.00028536          9.98885017
          0.00028559          9.98770896
          0.00028583          9.98533262
          0.00028606          9.98238190
          0.00028630          9.98075466
          0.00028653          9.98161489
          0.00028677          9.98410575
          0.00028700          9.98648197
          0.00028724          9.98806374
          0.00028747          9.98938875
          0.00028771          9.99069060
          0.00028794          9.99119851
          0.00028818          9.99035844
          0.00028841          9.98911849
          0.00028865          9.98922587
          0.00028888          9.99124694
          0.00028912          9.99388085
          0.00028935          9.99548950
          0.00028959          9.99582469
          0.00028982          9.99574963
          0.00029006          9.99556356
          0.00029029          9.99451931
          0.00029053          9.99228937
          0.00029076          9.99013421
          0.00029100          9.98980692
          0.00029123          9.99150542
          0.00029147          9.99366989
          0.00029170          9.99485164
          0.00029193          9.99508003
          0.00029217          9.99505534
          0.00029240          9.99462978
          0.00029264          9.99291773
          0.00029287          9.98991580
          0.00029311          9.98723111
          0.00029334          9.98663773
          0.00029358          9.98816313
          0.00029381          9.99019288
          0.00029405          9.99141913
          0.00029428          9.99196926
          0.00029452          9.99237184
          0.00029475          9.99219502
          0.00029499          9.99060997
          0.00029522          9.98807927
          0.00029546          9.98650098
          0.00029569          9.98728119
          0.00029593          9.98977702
          0.00029616          9.99211047
          0.00029640          9.99319349
          0.00029663          9.99338199
          0.00029687          9.99323579
          0.00029710          9.99243947
          0.00029734          9.99052424
          0.00029757          9.98828561
          0.00029781          9.98755325
          0.00029804          9.98922249
          0.00029828          9.99209169
          0.00029851          9.99416837
          0.00029875          9.99474246
          0.00029898          9.99450813
          0.00029922          9.99393050
          0.00029945          9.99247735
          0.00029969          9.98982946
          0.00029992          9.98711535
          0.00030016          9.98613411
          0.00030039          9.98741658
          0.00030062          9.98965439
          0.00030086          9.99122917
          0.00030109          9.99182080
          0.00030133          9.99208720
          0.00030156          9.99213065
          0.00030180          9.99116835
          0.00030203          9.98898882
          0.00030227          9.98698825
          0.00030250          9.98694403
          0.00030274          9.98895271
          0.00030297          9.99132817
          0.00030321          9.99257205
          0.00030344          9.99273959
          0.00030368          9.99258471
          0.00030391          9.99210123
          0.00030415          9.99071413
          0.00030438          9.98876426
          0.00030462          9.98793018
          0.00030485          9.98963216
          0.00030509          9.99331190
          0.00030532          9.99688187
          0.00030556          9.99886673
          0.00030579          9.99951989
          0.00030603          9.99965083
          0.00030626          9.99910087
          0.00030650          9.99720137
          0.00030673          9.99441628
          0.00030697          9.99248099
          0.00030720          9.99253249
          0.00030744          9.99375178
          0.00030767          9.99440222
          0.00030791          9.99382449
          0.00030814          9.99279128
          0.00030838          9.99200744
          0.00030861          9.99103125
          0.00030884          9.98913986
          0.00030908          9.98684355
          0.00030931          9.98573976
          0.00030955          9.98666338
          0.00030978          9.98857922
          0.00031002          9.98980342
          0.00031025          9.98989482
          0.00031049          9.98963191
          0.00031072          9.98935318
          0.00031096          9.98831056
          0.00031119          9.98607190
          0.00031143          9.98379964
          0.00031166          9.98334187
          0.00031190          9.98520035
          0.00031213          9.98802587
          0.00031237          9.99022800
          0.00031260          9.99153188
          0.00031284          9.99258763
          0.00031307          9.99347452
          0.00031331          9.99341555
          0.00031354          9.99218203
          0.00031378          9.99105482
          0.00031401          9.99162453
          0.00031425          9.99384866
          0.00031448          9.99605524
          0.00031472          9.99694301
          0.00031495          9.99683243
          0.00031519          9.99661010
          0.00031542          9.99617494
          0.00031566          9.99470387
          0.00031589          9.99225437
          0.00031613          9.99025062
          0.00031636          9.99000280
          0.00031660          9.99117474
          0.00031683          9.99224058
          0.00031707          9.99232415
          0.00031730          9.99195442
          0.00031753          9.99180147
          0.00031777          9.99136141
          0.00031800          9.98968207
          0.00031824          9.98715528
          0.00031847          9.98563849
          0.00031871          9.98644313
          0.00031894          9.98886509
          0.00031918          9.99118767
          0.00031941          9.99262707
          0.00031965          9.99360585
          0.00031988          9.99433475
          0.00032012          9.99405899
          0.00032035          9.99217166
          0.00032059          9.98960545
          0.00032082          9.98834270
          0.00032106          9.98935566
          0.00032129          9.99153851
          0.00032153          9.99305673
          0.00032176          9.99334419
          0.00032200          9.99315490
          0.00032223          9.99290192
          0.00032247          9.99195720
          0.00032270          9.98999499
          0.00032294          9.98819588
          0.00032317          9.98825552
          0.00032341          9.99036858
          0.00032364          9.99292222
          0.00032388          9.99428293
          0.00032411          9.99429519
          0.00032435          9.99372564
          0.00032458          9.99272828
          0.00032482          9.99063669
          0.00032505          9.98738487
          0.00032529          9.98441280
          0.00032552          9.98346147
          0.00032576          9.98465136
          0.00032599          9.98644232
          0.00032622          9.98754440
          0.00032646          9.98811304
          0.00032669          9.98873754
          0.00032693          9.98903608
          0.00032716          9.98812861
          0.00032740          9.98630247
          0.00032763          9.98527691
          0.00032787          9.98644205
          0.00032810          9.98926247
          0.00032834          9.99186356
          0.00032857          9.99300157
          0.00032881          9.99292874
          0.00032904          9.99230404
          0.00032928          9.99098671
          0.00032951          9.98860865
          0.00032975          9.98602907
          0.00032998          9.98518836
          0.00033022          9.98707031
          0.00033045          9.99043289
          0.00033069          9.99311940
          0.00033092          9.99423421
          0.00033116          9.99439546
          0.00033139          9.99414695
          0.00033163          9.99307758
          0.00033186          9.99082946
          0.00033210          9.98832278
          0.00033233          9.98718540
          0.00033257          9.98792728
          0.00033280          9.98924800
          0.00033304          9.98950198
          0.00033327          9.98847717
          0.00033351          9.98717132
          0.00033374          9.98604042
          0.00033398          9.98438203
          0.00033421          9.98180070
          0.00033445          9.97948375
          0.00033468          9.97916976
          0.00033491          9.98106398
          0.00033515          9.98356998
          0.00033538          9.98513199
          0.00033562          9.98565635
          0.00033585          9.98582641
          0.00033609          9.98562970
          0.00033632          9.98436005
          0.00033656          9.98208201
          0.00033679          9.98035072
          0.00033703          9.98083057
          0.00033726          9.98338153
          0.00033750          9.98615528
          0.00033773          9.98765596
          0.00033797          9.98804819
          0.00033820          9.98814523
          0.00033844          9.98786846
          0.00033867          9.98657117
          0.00033891          9.98460730
          0.00033914          9.98355131
          0.00033938          9.98449607
          0.00033961          9.98668484
          0.00033985          9.98834661
          0.00034008          9.98861970
          0.00034032          9.98810834
          0.00034055          9.98755616
          0.00034079          9.98662533
          0.00034102          9.98456120
          0.00034126          9.98176180
          0.00034149          9.97982798
          0.00034173          9.97975101
          0.00034196          9.98069862
          0.00034220          9.98114940
          0.00034243          9.98076012
          0.00034267          9.98033849
          0.00034290          9.98018737
          0.00034313          9.97945602
          0.00034337          9.97751503
          0.00034360          9.97532618
          0.00034384          9.97472220
          0.00034407          9.97641202
          0.00034431          9.97922410
          0.00034454          9.98149556
          0.00034478          9.98273677
          0.00034501          9.98346157
          0.00034525          9.98370861
          0.00034548          9.98265121
          0.00034572          9.98005308
          0.00034595          9.97736729
          0.00034619          9.97652458
          0.00034642          9.97779363
          0.00034666          9.97960105
          0.00034689          9.98050282
          0.00034713          9.98059789
          0.00034736          9.98068926
          0.00034760          9.98075000
          0.00034783          9.98000638
          0.00034807          9.97842623
          0.00034830          9.97734900
          0.00034854          9.97811996
          0.00034877          9.98040250
          0.00034901          9.98244597
          0.00034924          9.98304454
          0.00034948          9.98258214
          0.00034971          9.98184139
          0.00034995          9.98050572
          0.00035018          9.97770724
          0.00035042          9.97383809
          0.00035065          9.97082253
          0.00035089          9.97022173
          0.00035112          9.97165307
          0.00035136          9.97353921
          0.00035159          9.97497218
          0.00035182          9.97621741
          0.00035206          9.97749816
          0.00035229          9.97809597
          0.00035253          9.97724867
          0.00035276          9.97563184
          0.00035300          9.97514207
          0.00035323          9.97686277
          0.00035347          9.97975958
          0.00035370          9.98187033
          0.00035394          9.98238575
          0.00035417          9.98189269
          0.00035441          9.98084577
          0.00035464          9.97884863
          0.00035488          9.97583479
          0.00035511          9.97315953
          0.00035535          9.97265237
          0.00035558          9.97466065
          0.00035582          9.97761812
          0.00035605          9.97971892
          0.00035629          9.98056251
          0.00035652          9.98082969
          0.00035676          9.98072818
          0.00035699          9.97956414
          0.00035723          9.97710224
          0.00035746          9.97459980
          0.00035770          9.97369727
          0.00035793          9.97446734
          0.00035817          9.97535133
          0.00035840          9.97510905
          0.00035864          9.97407237
          0.00035887          9.97312776
          0.00035911          9.97218344
          0.00035934          9.97045077
          0.00035958          9.96807811
          0.00035981          9.96666068
          0.00036005          9.96767701
          0.00036028          9.97077119
          0.00036051          9.97408758
          0.00036075          9.97624354
          0.00036098          9.97738567
          0.00036122          9.97812917
          0.00036145          9.97820254
          0.00036169          9.97696635
          0.00036192          9.97502850
          0.00036216          9.97428183
          0.00036239          9.97590414
          0.00036263          9.97893132
          0.00036286          9.98135427
          0.00036310          9.98224984
          0.00036333          9.98223529
          0.00036357          9.98201961
          0.00036380          9.98134730
          0.00036404          9.97977837
          0.00036427          9.97800717
          0.00036451          9.97759072
          0.00036474          9.97914698
          0.00036498          9.98141964
          0.00036521          9.98263046
          0.00036545          9.98242169
          0.00036568          9.98179532
          0.00036592          9.98130646
          0.00036615          9.98026485
          0.00036639          9.97809229
          0.00036662          9.97570525
          0.00036686          9.97474129
          0.00036709          9.97561779
          0.00036733          9.97707748
          0.00036756          9.97776333
          0.00036780          9.97763375
          0.00036803          9.97745449
          0.00036827          9.97731229
          0.00036850          9.97641486
          0.00036874          9.97454617
          0.00036897          9.97303400
          0.00036920          9.97356963
          0.00036944          9.97621538
          0.00036967          9.97929844
          0.00036991          9.98133949
          0.00037014          9.98236688
          0.00037038          9.98301240
          0.00037061          9.98306670
          0.00037085          9.98179387
          0.00037108          9.97948288
          0.00037132          9.97777111
          0.00037155          9.97801087
          0.00037179          9.97974577
          0.00037202          9.98130447
          0.00037226          9.98175389
          0.00037249          9.98167613
          0.00037273          9.98189625
          0.00037296          9.98210155
          0.00037320          9.98142053
          0.00037343          9.98010610
          0.00037367          9.97968628
          0.00037390          9.98112182
          0.00037414          9.98348936
          0.00037437          9.98507143
          0.00037461          9.98530729
          0.00037484          9.98494886
          0.00037508          9.98446793
          0.00037531          9.98320638
          0.00037555          9.98053502
          0.00037578          9.97734048
          0.00037602          9.97560903
          0.00037625          9.97642714
          0.00037649          9.97891171
          0.00037672          9.98141206
          0.00037696          9.98333339
          0.00037719          9.98514974
          0.00037742          9.98688047
          0.00037766          9.98756706
          0.00037789          9.98671938
          0.00037813          9.98555929
          0.00037836          9.98595712
          0.00037860          9.98827560
          0.00037883          9.99096265
          0.00037907          9.99235864
          0.00037930          9.99227432
          0.00037954          9.99148280
          0.00037977          9.99023064
          0.00038001          9.98805873
          0.00038024          9.98513529
          0.00038048          9.98299004
          0.00038071          9.98322328
          0.00038095          9.98564994
          0.00038118          9.98840472
          0.00038142          9.98996444
          0.00038165          9.99042979
          0.00038189          9.99051175
          0.00038212          9.98999996
          0.00038236          9.98809849
          0.00038259          9.98506826
          0.00038283          9.98259434
          0.00038306          9.98210963
          0.00038330          9.98323923
          0.00038353          9.98438953
          0.00038377          9.98461901
          0.00038400          9.98432543
          0.00038424          9.98406733
          0.00038447          9.98343877
          0.00038471          9.98179325
          0.00038494          9.97979650
          0.00038518          9.97934048
          0.00038541          9.98153743
          0.00038565          9.98535752
          0.00038588          9.98877386
          0.00038611          9.99082898
          0.00038635          9.99193939
          0.00038658          9.99244310
          0.00038682          9.99184321
          0.00038705          9.98990901
          0.00038729          9.98785687
          0.00038752          9.98758500
          0.00038776          9.98965794
          0.00038799          9.99260014
          0.00038823          9.99448237
          0.00038846          9.99482406
          0.00038870          9.99446300
          0.00038893          9.99387836
          0.00038917          9.99253612
          0.00038940          9.99020883
          0.00038964          9.98813205
          0.00038987          9.98797011
          0.00039011          9.98981664
          0.00039034          9.99199831
          0.00039058          9.99300220
          0.00039081          9.99292458
          0.00039105          9.99267484
          0.00039128          9.99234092
          0.00039152          9.99113441
          0.00039175          9.98893047
          0.00039199          9.98707575
          0.00039222          9.98709057
          0.00039246          9.98885458
          0.00039269          9.99071672
          0.00039293          9.99141177
          0.00039316          9.99120994
          0.00039340          9.99087509
          0.00039363          9.99022112
          0.00039387          9.98853382
          0.00039410          9.98621027
          0.00039434          9.98500813
          0.00039457          9.98623734
          0.00039480          9.98922785
          0.00039504          9.99209151
          0.00039527          9.99372908
          0.00039551          9.99449478
          0.00039574          9.99493832
          0.00039598          9.99467251
          0.00039621          9.99308019
          0.00039645          9.99077266
          0.00039668          9.98946161
          0.00039692          9.99007831
          0.00039715          9.99162726
          0.00039739          9.99242685
          0.00039762          9.99206939
          0.00039786          9.99148221
          0.00039809          9.99122850
          0.00039833          9.99067257
          0.00039856          9.98919109
          0.00039880          9.98754228
          0.00039903          9.98727209
          0.00039927          9.98884260
          0.00039950          9.99101081
          0.00039974          9.99229112
          0.00039997          9.99251573
          0.00040021          9.99245352
          0.00040044          9.99221955
          0.00040068          9.99092651
          0.00040091          9.98821993
          0.00040115          9.98544373
          0.00040138          9.98452526
          0.00040162          9.98588491
          0.00040185          9.98815281
          0.00040209          9.98998375
          0.00040232          9.99138720
          0.00040256          9.99292211
          0.00040279          9.99424011
          0.00040303          9.99430996
          0.00040326          9.99306739
          0.00040349          9.99203245
          0.00040373          9.99276232
          0.00040396          9.99501725
          0.00040420          9.99704785
          0.00040443          9.99762549
          0.00040467          9.99712595
          0.00040490          9.99639063
          0.00040514          9.99526325
          0.00040537          9.99304045
          0.00040561          9.99012942
          0.00040584          9.98826649
          0.00040608          9.98869631
          0.00040631          9.99070230
          0.00040655          9.99246670
          0.00040678          9.99307494
          0.00040702          9.99302632
          0.00040725          9.99284596
          0.00040749          9.99200593
          0.00040772          9.98979335
          0.00040796          9.98685210
          0.00040819          9.98501301
          0.00040843          9.98536075
          0.00040866          9.98704976
          0.00040890          9.98845432
          0.00040913          9.98903385
          0.00040937          9.98940185
          0.00040960          9.98978838
          0.00040984          9.98942724
          0.00041007          9.98787341
          0.00041031          9.98626776
          0.00041054          9.98647536
          0.00041078          9.98901161
          0.00041101          9.99243749
          0.00041125          9.99496681
          0.00041148          9.99615291
          0.00041171          9.99659250
          0.00041195          9.99643738
          0.00041218          9.99509528
          0.00041242          9.99260527
          0.00041265          9.99050512
          0.00041289          9.99054091
          0.00041312          9.99267027
          0.00041336          9.99504661
          0.00041359          9.99605988
          0.00041383          9.99574983
          0.00041406          9.99494885
          0.00041430          9.99372152
          0.00041453          9.99148588
          0.00041477          9.98852068
          0.00041500          9.98644505
          0.00041524          9.98666441
          0.00041547          9.98871660
          0.00041571          9.99077264
          0.00041594          9.99167219
          0.00041618          9.99182836
          0.00041641          9.99197711
          0.00041665          9.99179238
          0.00041688          9.99047717
          0.00041712          9.98842949
          0.00041735          9.98735300
          0.00041759          9.98837689
          0.00041782          9.99065189
          0.00041806          9.99233424
          0.00041829          9.99260945
          0.00041853          9.99210722
          0.00041876          9.99145713
          0.00041900          9.99027610
          0.00041923          9.98810983
          0.00041947          9.98586723
          0.00041970          9.98541899
          0.00041994          9.98756161
          0.00042017          9.99097871
          0.00042040          9.99365110
          0.00042064          9.99487793
          0.00042087          9.99533303
          0.00042111          9.99543250
          0.00042134          9.99460495
          0.00042158          9.99251184
          0.00042181          9.99024876
          0.00042205          9.98948951
          0.00042228          9.99054872
          0.00042252          9.99197798
          0.00042275          9.99228152
          0.00042299          9.99149592
          0.00042322          9.99064580
          0.00042346          9.99007766
          0.00042369          9.98912994
          0.00042393          9.98756355
          0.00042416          9.98651703
          0.00042440          9.98736458
          0.00042463          9.98991653
          0.00042487          9.99248669
          0.00042510          9.99378247
          0.00042534          9.99404698
          0.00042557          9.99403852
          0.00042581          9.99355298
          0.00042604          9.99175664
          0.00042628          9.98883415
          0.00042651          9.98646302
          0.00042675          9.98618383
          0.00042698          9.98771999
          0.00042722          9.98945942
          0.00042745          9.99039818
          0.00042769          9.99093073
          0.00042792          9.99159675
          0.00042816          9.99185916
          0.00042839          9.99085800
          0.00042863          9.98905680
          0.00042886          9.98820926
          0.00042909          9.98940008
          0.00042933          9.99171631
          0.00042956          9.99333705
          0.00042980          9.99353365
          0.00043003          9.99297410
          0.00043027          9.99222472
          0.00043050          9.99080620
          0.00043074          9.98821070
          0.00043097          9.98530773
          0.00043121          9.98389760
          0.00043144          9.98473315
          0.00043168          9.98662451
          0.00043191          9.98788249
          0.00043215          9.98814524
          0.00043238          9.98818284
          0.00043262          9.98821143
          0.00043285          9.98735883
          0.00043309          9.98512585
          0.00043332          9.98265365
          0.00043356          9.98178193
          0.00043379          9.98301334
          0.00043403          9.98505839
          0.00043426          9.98649037
          0.00043450          9.98720685
          0.00043473          9.98784540
          0.00043497          9.98827593
          0.00043520          9.98755423
          0.00043544          9.98553813
          0.00043567          9.98375741
          0.00043591          9.98400829
          0.00043614          9.98633871
          0.00043638          9.98906925
          0.00043661          9.99075077
          0.00043685          9.99139713
          0.00043708          9.99158405
          0.00043732          9.99110250
          0.00043755          9.98931914
          0.00043778          9.98668398
          0.00043802          9.98498088
          0.00043825          9.98559463
          0.00043849          9.98792970
          0.00043872          9.99006062
          0.00043896          9.99078813
          0.00043919          9.99045114
          0.00043943          9.98967424
          0.00043966          9.98815304
          0.00043990          9.98535701
          0.00044013          9.98204015
          0.00044037          9.98006613
          0.00044060          9.98045582
          0.00044084          9.98222915
          0.00044107          9.98361649
          0.00044131          9.98397936
          0.00044154          9.98394377
          0.00044178          9.98387243
          0.00044201          9.98308691
          0.00044225          9.98102814
          0.00044248          9.97862585
          0.00044272          9.97771253
          0.00044295          9.97897984
          0.00044319          9.98114441
          0.00044342          9.98245365
          0.00044366          9.98251215
          0.00044389          9.98206875
          0.00044413          9.98138700
          0.00044436          9.97982343
          0.00044460          9.97727099
          0.00044483          9.97519887
          0.00044507          9.97545528
          0.00044530          9.97819701
          0.00044554          9.98165392
          0.00044577          9.98402917
          0.00044600          9.98505810
          0.00044624          9.98541572
          0.00044647          9.98517221
          0.00044671          9.98368220
          0.00044694          9.98104465
          0.00044718          9.97879263
          0.00044741          9.97845945
          0.00044765          9.97975944
          0.00044788          9.98091532
          0.00044812          9.98076019
          0.00044835          9.97980785
          0.00044859          9.97904507
          0.00044882          9.97840409
          0.00044906          9.97714812
          0.00044929          9.97546462
          0.00044953          9.97478168
          0.00044976          9.97615399
          0.00045000          9.97884824
          0.00045023          9.98107543
          0.00045047          9.98193563
          0.00045070          9.98200436
          0.00045094          9.98194235
          0.00045117          9.98129646
          0.00045141          9.97933005
          0.00045164          9.97666326
          0.00045188          9.97513192
          0.00045211          9.97580082
          0.00045235          9.97777249
          0.00045258          9.97938170
          0.00045282          9.98006311
          0.00045305          9.98042346
          0.00045329          9.98075834
          0.00045352          9.98038575
          0.00045376          9.97881218
          0.00045399          9.97696779
          0.00045423          9.97652087
          0.00045446          9.97793501
          0.00045469          9.97982903
          0.00045493          9.98055865
          0.00045516          9.97995390
          0.00045540          9.97895322
          0.00045563          9.97789510
          0.00045587          9.97610241
          0.00045610          9.97334469
          0.00045634          9.97087327
          0.00045657          9.97026042
          0.00045681          9.97151894
          0.00045704          9.97308679
          0.00045728          9.97369638
          0.00045751          9.97360876
          0.00045775          9.97369208
          0.00045798          9.97383924
          0.00045822          9.97307265
          0.00045845          9.97121851
          0.00045869          9.96969561
          0.00045892          9.97008445
          0.00045916          9.97226394
          0.00045939          9.97465222
          0.00045963          9.97616535
          0.00045986          9.97715309
          0.00046010          9.97817553
          0.00046033          9.97868386
          0.00046057          9.97772154
          0.00046080          9.97563948
          0.00046104          9.97424061
          0.00046127          9.97491167
          0.00046151          9.97710666
          0.00046174          9.97909936
          0.00046198          9.97993132
          0.00046221          9.98002457
          0.00046245          9.97991177
          0.00046268          9.97916835
          0.00046292          9.97724929
          0.00046315          9.97497524
          0.00046338          9.97421249
          0.00046362          9.97582093
          0.00046385          9.97856986
          0.00046409          9.98054700
          0.00046432          9.98113406
          0.00046456          9.98100393
          0.00046479          9.98052948
          0.00046503          9.97912232
          0.00046526          9.97644345
          0.00046550          9.97358977
          0.00046573          9.97234098
          0.00046597          9.97325106
          0.00046620          9.97506688
          0.00046644          9.97626367
          0.00046667          9.97665556
          0.00046691          9.97698492
          0.00046714          9.97731396
          0.00046738          9.97675700
          0.00046761          9.97504839
          0.00046785          9.97355490
          0.00046808          9.97398091
          0.00046832          9.97637160
          0.00046855          9.97906798
          0.00046879          9.98059151
          0.00046902          9.98089705
          0.00046926          9.98057950
          0.00046949          9.97955171
